Using pre-set license
Built from '2020.2/release' branch; Version is '2020.2.1f1 (270dd8c3da1c) revision 2559448'; Using compiler version '192528614'; Build Type 'Release'
OS: 'Windows 10  (10.0.0) 64bit' Language: 'en' Physical Memory: 16304 MB
BatchMode: 1, IsHumanControllingUs: 0, StartBugReporterOnCrash: 0, Is64bit: 1, IsPro: 0

 COMMAND LINE ARGUMENTS:
C:\Program Files\Unity\Hub\Editor\2020.2.1f1\Editor\Unity.exe
-adb2
-batchMode
-noUpm
-name
AssetImportWorker0
-projectPath
C:/unity-projects/Home Made Boid
-logFile
Logs/AssetImportWorker0.log
-srvPort
50428
Successfully changed project path to: C:/unity-projects/Home Made Boid
C:/unity-projects/Home Made Boid
Using Asset Import Pipeline V2.
Refreshing native plugins compatible for Editor in 21.16 ms, found 0 plugins.
Preloading 0 native plugins for Editor in 0.00 ms.
Initialize engine version: 2020.2.1f1 (270dd8c3da1c)
[Subsystems] Discovering subsystems at path C:/Program Files/Unity/Hub/Editor/2020.2.1f1/Editor/Data/Resources/UnitySubsystems
[Subsystems] Discovering subsystems at path C:/unity-projects/Home Made Boid/Assets
GfxDevice: creating device client; threaded=0
Direct3D:
    Version:  Direct3D 11.0 [level 11.1]
    Renderer: NVIDIA GeForce GTX 1080 (ID=0x1b80)
    Vendor:   
    VRAM:     8079 MB
    Driver:   27.21.14.6109
Initialize mono
Mono path[0] = 'C:/Program Files/Unity/Hub/Editor/2020.2.1f1/Editor/Data/Managed'
Mono path[1] = 'C:/Program Files/Unity/Hub/Editor/2020.2.1f1/Editor/Data/MonoBleedingEdge/lib/mono/unityjit'
Mono config path = 'C:/Program Files/Unity/Hub/Editor/2020.2.1f1/Editor/Data/MonoBleedingEdge/etc'
Using monoOptions --debugger-agent=transport=dt_socket,embedding=1,server=y,suspend=n,address=127.0.0.1:56884
Begin MonoManager ReloadAssembly
Registering precompiled unity dll's ...
Register platform support module: C:/Program Files/Unity/Hub/Editor/2020.2.1f1/Editor/Data/PlaybackEngines/WindowsStandaloneSupport/UnityEditor.WindowsStandalone.Extensions.dll
Registered in 0.000942 seconds.
Native extension for WindowsStandalone target not found
Refreshing native plugins compatible for Editor in 18.80 ms, found 0 plugins.
Preloading 0 native plugins for Editor in 0.00 ms.
Invoked RoslynAnalysisRunner static constructor.
RoslynAnalysisRunner will not be running.
RoslynAnalysisRunner has terminated.
Mono: successfully reloaded assembly
- Completed reload, in  0.736 seconds
Platform modules already initialized, skipping
Registering precompiled user dll's ...
Registered in 0.000398 seconds.
Begin MonoManager ReloadAssembly
Native extension for WindowsStandalone target not found
Refreshing native plugins compatible for Editor in 0.18 ms, found 0 plugins.
Preloading 0 native plugins for Editor in 0.00 ms.
Invoked RoslynAnalysisRunner static constructor.
RoslynAnalysisRunner will not be running.
RoslynAnalysisRunner has terminated.
Mono: successfully reloaded assembly
- Completed reload, in  0.595 seconds
Platform modules already initialized, skipping
========================================================================
Worker process is ready to serve import requests
Launched and connected shader compiler UnityShaderCompiler.exe after 0.04 seconds
Refreshing native plugins compatible for Editor in 0.18 ms, found 0 plugins.
Preloading 0 native plugins for Editor in 0.00 ms.
Unloading 1094 Unused Serialized files (Serialized files now loaded: 0)
System memory in use before: 55.9 MB.
System memory in use after: 55.9 MB.

Unloading 10 unused Assets to reduce memory usage. Loaded Objects now: 1533.
Total: 1.565600 ms (FindLiveObjects: 0.133700 ms CreateObjectMapping: 0.027600 ms MarkObjects: 1.350800 ms  DeleteObjects: 0.052600 ms)

========================================================================
Received Import Request.
  path: Assets
  artifactKey: Guid(00000000000000001000000000000000) Importer(815301076,1909f56bfc062723c751e8b465ee728b)
Start importing Assets using Guid(00000000000000001000000000000000) Importer(815301076,1909f56bfc062723c751e8b465ee728b)  -> (artifact id: 'e1a2c4dac9df7c17871e19a3b74f0e9f') in 0.006737 seconds
  Import took 0.008704 seconds .

========================================================================
Received Import Request.
  Time since last request: 2.450965 seconds.
  path: Assets/Prefabs
  artifactKey: Guid(313ae0f7beb3e784c8945e087916ee56) Importer(815301076,1909f56bfc062723c751e8b465ee728b)
Start importing Assets/Prefabs using Guid(313ae0f7beb3e784c8945e087916ee56) Importer(815301076,1909f56bfc062723c751e8b465ee728b)  -> (artifact id: '99586306eefc6fdbe5bed024397183e2') in 0.005069 seconds
  Import took 0.006688 seconds .

========================================================================
Received Import Request.
  Time since last request: 9.708053 seconds.
  path: Assets/Scripts
  artifactKey: Guid(e322961af2c1bce42ba099de3cfb5654) Importer(815301076,1909f56bfc062723c751e8b465ee728b)
Start importing Assets/Scripts using Guid(e322961af2c1bce42ba099de3cfb5654) Importer(815301076,1909f56bfc062723c751e8b465ee728b)  -> (artifact id: 'dcb56c753aba9cfa8701bfe77a1490a5') in 0.004939 seconds
  Import took 0.006580 seconds .

========================================================================
Received Import Request.
  Time since last request: 7.984260 seconds.
  path: Assets/Materials
  artifactKey: Guid(069cf87d9f2e3e548a9a3486882ce174) Importer(815301076,1909f56bfc062723c751e8b465ee728b)
Start importing Assets/Materials using Guid(069cf87d9f2e3e548a9a3486882ce174) Importer(815301076,1909f56bfc062723c751e8b465ee728b)  -> (artifact id: 'e698b1669d695afe9d44eaa4322c8d9b') in 0.005251 seconds
  Import took 0.006828 seconds .

========================================================================
Received Import Request.
  Time since last request: 28.854251 seconds.
  path: Assets/Scripts/BoidManager.cs
  artifactKey: Guid(6c077374bf54af94f9165333797d3da8) Importer(815301076,1909f56bfc062723c751e8b465ee728b)
Start importing Assets/Scripts/BoidManager.cs using Guid(6c077374bf54af94f9165333797d3da8) Importer(815301076,1909f56bfc062723c751e8b465ee728b)  -> (artifact id: '10bbc5d4badafc63715c6c055b7f9cd6') in 0.020158 seconds
  Import took 0.021974 seconds .

========================================================================
Received Prepare
Registering precompiled user dll's ...
Registered in 0.000438 seconds.
Begin MonoManager ReloadAssembly
Native extension for WindowsStandalone target not found
Refreshing native plugins compatible for Editor in 0.19 ms, found 0 plugins.
Preloading 0 native plugins for Editor in 0.00 ms.
Invoked RoslynAnalysisRunner static constructor.
RoslynAnalysisRunner will not be running.
RoslynAnalysisRunner has terminated.
Mono: successfully reloaded assembly
- Completed reload, in  0.563 seconds
Platform modules already initialized, skipping
Refreshing native plugins compatible for Editor in 0.20 ms, found 0 plugins.
Preloading 0 native plugins for Editor in 0.00 ms.
Unloading 1090 Unused Serialized files (Serialized files now loaded: 0)
System memory in use before: 55.9 MB.
System memory in use after: 56.0 MB.

Unloading 5 unused Assets to reduce memory usage. Loaded Objects now: 1536.
Total: 1.521600 ms (FindLiveObjects: 0.132800 ms CreateObjectMapping: 0.027600 ms MarkObjects: 1.319100 ms  DeleteObjects: 0.041200 ms)

========================================================================
Received Import Request.
  Time since last request: 8.078851 seconds.
  path: Assets/Scripts/BoidManager.cs
  artifactKey: Guid(6c077374bf54af94f9165333797d3da8) Importer(815301076,1909f56bfc062723c751e8b465ee728b)
Start importing Assets/Scripts/BoidManager.cs using Guid(6c077374bf54af94f9165333797d3da8) Importer(815301076,1909f56bfc062723c751e8b465ee728b)  -> (artifact id: '207b834e22d30329e427726747d1919a') in 0.003883 seconds
  Import took 0.005603 seconds .

========================================================================
Received Import Request.
  Time since last request: 12.703269 seconds.
  path: Assets/Scripts/BoidUnit.cs
  artifactKey: Guid(fdfcbf8f1a2f69a46a083a2cdad4130a) Importer(815301076,1909f56bfc062723c751e8b465ee728b)
Start importing Assets/Scripts/BoidUnit.cs using Guid(fdfcbf8f1a2f69a46a083a2cdad4130a) Importer(815301076,1909f56bfc062723c751e8b465ee728b)  -> (artifact id: '020c4a2b2f91453af1d520f5f6cf47d0') in 0.005092 seconds
  Import took 0.006881 seconds .

========================================================================
Received Prepare
Registering precompiled user dll's ...
Registered in 0.000387 seconds.
Begin MonoManager ReloadAssembly
Native extension for WindowsStandalone target not found
Refreshing native plugins compatible for Editor in 0.19 ms, found 0 plugins.
Preloading 0 native plugins for Editor in 0.00 ms.
Invoked RoslynAnalysisRunner static constructor.
RoslynAnalysisRunner will not be running.
RoslynAnalysisRunner has terminated.
Mono: successfully reloaded assembly
- Completed reload, in  0.552 seconds
Platform modules already initialized, skipping
Refreshing native plugins compatible for Editor in 0.19 ms, found 0 plugins.
Preloading 0 native plugins for Editor in 0.00 ms.
Unloading 1091 Unused Serialized files (Serialized files now loaded: 0)
System memory in use before: 56.1 MB.
System memory in use after: 56.1 MB.

Unloading 5 unused Assets to reduce memory usage. Loaded Objects now: 1539.
Total: 1.322700 ms (FindLiveObjects: 0.115800 ms CreateObjectMapping: 0.025900 ms MarkObjects: 1.145100 ms  DeleteObjects: 0.035000 ms)

========================================================================
Received Import Request.
  Time since last request: 9.197672 seconds.
  path: Assets/Scripts/BoidUnit.cs
  artifactKey: Guid(fdfcbf8f1a2f69a46a083a2cdad4130a) Importer(815301076,1909f56bfc062723c751e8b465ee728b)
Start importing Assets/Scripts/BoidUnit.cs using Guid(fdfcbf8f1a2f69a46a083a2cdad4130a) Importer(815301076,1909f56bfc062723c751e8b465ee728b)  -> (artifact id: 'f349b7a0885da3e1abd090cad6899b32') in 0.003555 seconds
  Import took 0.005151 seconds .

========================================================================
Received Import Request.
  Time since last request: 15.043009 seconds.
  path: Assets/Prefabs/New Prefab.prefab
  artifactKey: Guid(bbab6cc7234b8454280eee75ed5c949f) Importer(815301076,1909f56bfc062723c751e8b465ee728b)
Start importing Assets/Prefabs/New Prefab.prefab using Guid(bbab6cc7234b8454280eee75ed5c949f) Importer(815301076,1909f56bfc062723c751e8b465ee728b)  -> (artifact id: '518f8f3c1aa041e97992e25f71001351') in 0.022812 seconds
  Import took 0.024553 seconds .

========================================================================
Received Import Request.
  Time since last request: 0.006498 seconds.
  path: Assets/Prefabs/New Prefab.prefab
  artifactKey: Guid(bbab6cc7234b8454280eee75ed5c949f) Importer(815301076,1909f56bfc062723c751e8b465ee728b)
Start importing Assets/Prefabs/New Prefab.prefab using Guid(bbab6cc7234b8454280eee75ed5c949f) Importer(815301076,1909f56bfc062723c751e8b465ee728b)  -> (artifact id: '518f8f3c1aa041e97992e25f71001351') in 0.003314 seconds
  Import took 0.005028 seconds .

========================================================================
Received Import Request.
  Time since last request: 76.788217 seconds.
  path: Assets/Materials/New Material.mat
  artifactKey: Guid(05207589e98a674459f56b521292f88a) Importer(815301076,1909f56bfc062723c751e8b465ee728b)
Start importing Assets/Materials/New Material.mat using Guid(05207589e98a674459f56b521292f88a) Importer(815301076,1909f56bfc062723c751e8b465ee728b)  -> (artifact id: '576e12db3d909a3ac4a4808a1b610d5e') in 0.070814 seconds
  Import took 0.072775 seconds .

========================================================================
Received Import Request.
  Time since last request: 67.935477 seconds.
  path: Assets/Prefabs/Cube.prefab
  artifactKey: Guid(62bdab6d4ae6e3c4ea0dcf2772f6ec53) Importer(815301076,1909f56bfc062723c751e8b465ee728b)
Start importing Assets/Prefabs/Cube.prefab using Guid(62bdab6d4ae6e3c4ea0dcf2772f6ec53) Importer(815301076,1909f56bfc062723c751e8b465ee728b)  -> (artifact id: 'bed0e78f99a56494fc96dfadbda4bc23') in 0.021564 seconds
  Import took 0.023567 seconds .

========================================================================
Received Import Request.
  Time since last request: 23.419425 seconds.
  path: Assets/Prefabs/Cube.prefab
  artifactKey: Guid(62bdab6d4ae6e3c4ea0dcf2772f6ec53) Importer(815301076,1909f56bfc062723c751e8b465ee728b)
Start importing Assets/Prefabs/Cube.prefab using Guid(62bdab6d4ae6e3c4ea0dcf2772f6ec53) Importer(815301076,1909f56bfc062723c751e8b465ee728b)  -> (artifact id: '170bc90a569d2e80b54a8716f0d88575') in 0.010508 seconds
  Import took 0.012395 seconds .

========================================================================
Received Import Request.
  Time since last request: 0.000920 seconds.
  path: Assets/Prefabs/Cube.prefab
  artifactKey: Guid(62bdab6d4ae6e3c4ea0dcf2772f6ec53) Importer(815301076,1909f56bfc062723c751e8b465ee728b)
Start importing Assets/Prefabs/Cube.prefab using Guid(62bdab6d4ae6e3c4ea0dcf2772f6ec53) Importer(815301076,1909f56bfc062723c751e8b465ee728b)  -> (artifact id: '170bc90a569d2e80b54a8716f0d88575') in 0.006714 seconds
  Import took 0.008211 seconds .

========================================================================
Received Import Request.
  Time since last request: 4.632676 seconds.
  path: Assets/Prefabs/Target.prefab
  artifactKey: Guid(62bdab6d4ae6e3c4ea0dcf2772f6ec53) Importer(815301076,1909f56bfc062723c751e8b465ee728b)
Start importing Assets/Prefabs/Target.prefab using Guid(62bdab6d4ae6e3c4ea0dcf2772f6ec53) Importer(815301076,1909f56bfc062723c751e8b465ee728b)  -> (artifact id: 'c5c07eac5abbb06e68d3545612a65dde') in 0.009565 seconds
  Import took 0.011483 seconds .

========================================================================
Received Import Request.
  Time since last request: 194.212630 seconds.
  path: Assets/Prefabs/Boid Prefab.prefab
  artifactKey: Guid(cae1c59cef3dcf841b64676639a1e756) Importer(815301076,1909f56bfc062723c751e8b465ee728b)
Start importing Assets/Prefabs/Boid Prefab.prefab using Guid(cae1c59cef3dcf841b64676639a1e756) Importer(815301076,1909f56bfc062723c751e8b465ee728b)  -> (artifact id: '20f6a1493cd9c48e8cee6af758ca55c7') in 0.015946 seconds
  Import took 0.017775 seconds .

========================================================================
Received Import Request.
  Time since last request: 13.868364 seconds.
  path: Assets/Prefabs/Boid Prefab.prefab
  artifactKey: Guid(cae1c59cef3dcf841b64676639a1e756) Importer(815301076,1909f56bfc062723c751e8b465ee728b)
Start importing Assets/Prefabs/Boid Prefab.prefab using Guid(cae1c59cef3dcf841b64676639a1e756) Importer(815301076,1909f56bfc062723c751e8b465ee728b)  -> (artifact id: '6acbccd91f7d330b213af80e89a02474') in 0.011794 seconds
  Import took 0.013706 seconds .

========================================================================
Received Import Request.
  Time since last request: 15.852115 seconds.
  path: Assets/Prefabs/Boid Prefab.prefab
  artifactKey: Guid(cae1c59cef3dcf841b64676639a1e756) Importer(815301076,1909f56bfc062723c751e8b465ee728b)
Start importing Assets/Prefabs/Boid Prefab.prefab using Guid(cae1c59cef3dcf841b64676639a1e756) Importer(815301076,1909f56bfc062723c751e8b465ee728b)  -> (artifact id: '393ad4f652796c4ed530106efb4c1409') in 0.012152 seconds
  Import took 0.013846 seconds .

========================================================================
Received Import Request.
  Time since last request: 27.145768 seconds.
  path: Assets/Prefabs/Boid Prefab.prefab
  artifactKey: Guid(cae1c59cef3dcf841b64676639a1e756) Importer(815301076,1909f56bfc062723c751e8b465ee728b)
Start importing Assets/Prefabs/Boid Prefab.prefab using Guid(cae1c59cef3dcf841b64676639a1e756) Importer(815301076,1909f56bfc062723c751e8b465ee728b)  -> (artifact id: '289286bbbbf3235ebce1731f10e78758') in 0.008210 seconds
  Import took 0.010242 seconds .

========================================================================
Received Import Request.
  Time since last request: 10.576677 seconds.
  path: Assets/Prefabs/Boid Prefab.prefab
  artifactKey: Guid(cae1c59cef3dcf841b64676639a1e756) Importer(815301076,1909f56bfc062723c751e8b465ee728b)
Start importing Assets/Prefabs/Boid Prefab.prefab using Guid(cae1c59cef3dcf841b64676639a1e756) Importer(815301076,1909f56bfc062723c751e8b465ee728b)  -> (artifact id: '506db15441ede0562956d25ae9dbfcb0') in 0.006739 seconds
  Import took 0.008960 seconds .

========================================================================
Received Import Request.
  Time since last request: 39.676310 seconds.
  path: Assets/Prefabs/Boid Prefab.prefab
  artifactKey: Guid(cae1c59cef3dcf841b64676639a1e756) Importer(815301076,1909f56bfc062723c751e8b465ee728b)
Start importing Assets/Prefabs/Boid Prefab.prefab using Guid(cae1c59cef3dcf841b64676639a1e756) Importer(815301076,1909f56bfc062723c751e8b465ee728b)  -> (artifact id: '3923c81e446f1cc1c91d5a2c24bf4f7a') in 0.006850 seconds
  Import took 0.008776 seconds .

========================================================================
Received Prepare
Registering precompiled user dll's ...
Registered in 0.000572 seconds.
Begin MonoManager ReloadAssembly
Native extension for WindowsStandalone target not found
Refreshing native plugins compatible for Editor in 0.19 ms, found 0 plugins.
Preloading 0 native plugins for Editor in 0.00 ms.
Invoked RoslynAnalysisRunner static constructor.
RoslynAnalysisRunner will not be running.
RoslynAnalysisRunner has terminated.
Mono: successfully reloaded assembly
- Completed reload, in  0.559 seconds
Platform modules already initialized, skipping
Refreshing native plugins compatible for Editor in 0.18 ms, found 0 plugins.
Preloading 0 native plugins for Editor in 0.00 ms.
Unloading 1091 Unused Serialized files (Serialized files now loaded: 0)
System memory in use before: 60.0 MB.
System memory in use after: 60.0 MB.

Unloading 6 unused Assets to reduce memory usage. Loaded Objects now: 1584.
Total: 1.369000 ms (FindLiveObjects: 0.130500 ms CreateObjectMapping: 0.022400 ms MarkObjects: 1.181500 ms  DeleteObjects: 0.033900 ms)

========================================================================
Received Prepare
Registering precompiled user dll's ...
Registered in 0.000507 seconds.
Begin MonoManager ReloadAssembly
Native extension for WindowsStandalone target not found
Refreshing native plugins compatible for Editor in 0.18 ms, found 0 plugins.
Preloading 0 native plugins for Editor in 0.00 ms.
Invoked RoslynAnalysisRunner static constructor.
RoslynAnalysisRunner will not be running.
RoslynAnalysisRunner has terminated.
Mono: successfully reloaded assembly
- Completed reload, in  0.543 seconds
Platform modules already initialized, skipping
Refreshing native plugins compatible for Editor in 0.17 ms, found 0 plugins.
Preloading 0 native plugins for Editor in 0.00 ms.
Unloading 1091 Unused Serialized files (Serialized files now loaded: 0)
System memory in use before: 60.0 MB.
System memory in use after: 60.1 MB.

Unloading 5 unused Assets to reduce memory usage. Loaded Objects now: 1586.
Total: 1.367500 ms (FindLiveObjects: 0.131200 ms CreateObjectMapping: 0.025000 ms MarkObjects: 1.173500 ms  DeleteObjects: 0.036800 ms)

========================================================================
Received Prepare
Registering precompiled user dll's ...
Registered in 0.000453 seconds.
Begin MonoManager ReloadAssembly
Native extension for WindowsStandalone target not found
Refreshing native plugins compatible for Editor in 0.19 ms, found 0 plugins.
Preloading 0 native plugins for Editor in 0.00 ms.
Invoked RoslynAnalysisRunner static constructor.
RoslynAnalysisRunner will not be running.
RoslynAnalysisRunner has terminated.
Mono: successfully reloaded assembly
- Completed reload, in  0.569 seconds
Platform modules already initialized, skipping
Refreshing native plugins compatible for Editor in 0.19 ms, found 0 plugins.
Preloading 0 native plugins for Editor in 0.00 ms.
Unloading 1091 Unused Serialized files (Serialized files now loaded: 0)
System memory in use before: 60.1 MB.
System memory in use after: 60.2 MB.

Unloading 5 unused Assets to reduce memory usage. Loaded Objects now: 1588.
Total: 1.494500 ms (FindLiveObjects: 0.130000 ms CreateObjectMapping: 0.023500 ms MarkObjects: 1.306200 ms  DeleteObjects: 0.033800 ms)

========================================================================
Received Import Request.
  Time since last request: 215.809641 seconds.
  path: Assets/Prefabs/Boid Prefab.prefab
  artifactKey: Guid(cae1c59cef3dcf841b64676639a1e756) Importer(815301076,1909f56bfc062723c751e8b465ee728b)
Start importing Assets/Prefabs/Boid Prefab.prefab using Guid(cae1c59cef3dcf841b64676639a1e756) Importer(815301076,1909f56bfc062723c751e8b465ee728b)  -> (artifact id: '3277d525dadaf1f8db309dc21d736084') in 0.041853 seconds
  Import took 0.043775 seconds .

========================================================================
Received Prepare
Registering precompiled user dll's ...
Registered in 0.000479 seconds.
Begin MonoManager ReloadAssembly
Native extension for WindowsStandalone target not found
Refreshing native plugins compatible for Editor in 0.19 ms, found 0 plugins.
Preloading 0 native plugins for Editor in 0.00 ms.
Invoked RoslynAnalysisRunner static constructor.
RoslynAnalysisRunner will not be running.
RoslynAnalysisRunner has terminated.
Mono: successfully reloaded assembly
- Completed reload, in  0.547 seconds
Platform modules already initialized, skipping
Refreshing native plugins compatible for Editor in 0.18 ms, found 0 plugins.
Preloading 0 native plugins for Editor in 0.00 ms.
Unloading 1091 Unused Serialized files (Serialized files now loaded: 0)
System memory in use before: 60.2 MB.
System memory in use after: 60.3 MB.

Unloading 6 unused Assets to reduce memory usage. Loaded Objects now: 1591.
Total: 1.564800 ms (FindLiveObjects: 0.195700 ms CreateObjectMapping: 0.035000 ms MarkObjects: 1.291800 ms  DeleteObjects: 0.041500 ms)

========================================================================
Received Prepare
Registering precompiled user dll's ...
Registered in 0.000456 seconds.
Begin MonoManager ReloadAssembly
Native extension for WindowsStandalone target not found
Refreshing native plugins compatible for Editor in 0.19 ms, found 0 plugins.
Preloading 0 native plugins for Editor in 0.00 ms.
Invoked RoslynAnalysisRunner static constructor.
RoslynAnalysisRunner will not be running.
RoslynAnalysisRunner has terminated.
Mono: successfully reloaded assembly
- Completed reload, in  0.550 seconds
Platform modules already initialized, skipping
Refreshing native plugins compatible for Editor in 0.17 ms, found 0 plugins.
Preloading 0 native plugins for Editor in 0.00 ms.
Unloading 1091 Unused Serialized files (Serialized files now loaded: 0)
System memory in use before: 60.3 MB.
System memory in use after: 60.4 MB.

Unloading 5 unused Assets to reduce memory usage. Loaded Objects now: 1593.
Total: 1.619100 ms (FindLiveObjects: 0.141100 ms CreateObjectMapping: 0.027200 ms MarkObjects: 1.414300 ms  DeleteObjects: 0.035600 ms)

AssetImportWorkerClient::OnTransportError - code=2 error=End of file
